<?xml version="1.0" encoding="utf-8"?><testsuites name="pytest tests"><testsuite name="pytest" errors="0" failures="0" skipped="0" tests="11" time="13.190" timestamp="2026-02-17T09:14:52.689401+00:00" hostname="agent-env-42ea3fe6-b4f9-4223-b10f-f4bbf87ea134"><testcase classname="backend.tests.test_admin_analytics.TestAdminAnalyticsOverview" name="test_analytics_overview_returns_200" time="2.457" /><testcase classname="backend.tests.test_admin_analytics.TestAdminAnalyticsOverview" name="test_analytics_overview_structure" time="1.705" /><testcase classname="backend.tests.test_admin_analytics.TestAdminAnalyticsOverview" name="test_analytics_users_stats" time="1.741" /><testcase classname="backend.tests.test_admin_analytics.TestAdminAnalyticsOverview" name="test_analytics_kyc_stats" time="1.606" /><testcase classname="backend.tests.test_admin_analytics.TestAdminAnalyticsOverview" name="test_analytics_transfers_stats" time="1.607" /><testcase classname="backend.tests.test_admin_analytics.TestAdminAnalyticsOverview" name="test_analytics_values_not_all_zeros" time="1.607" /><testcase classname="backend.tests.test_admin_analytics.TestAdminUsersEndpoint" name="test_admin_users_returns_paginated_response" time="0.615" /><testcase classname="backend.tests.test_admin_analytics.TestAdminUsersEndpoint" name="test_admin_users_pagination_info" time="0.518" /><testcase classname="backend.tests.test_admin_analytics.TestAdminKYCEndpoint" name="test_pending_kyc_returns_list" time="0.286" /><testcase classname="backend.tests.test_admin_analytics.TestAuthEndpoints" name="test_admin_login_success" time="0.607" /><testcase classname="backend.tests.test_admin_analytics.TestAuthEndpoints" name="test_invalid_login_rejected" time="0.374" /></testsuite></testsuites>