<?xml version="1.0" encoding="utf-8"?><testsuites name="pytest tests"><testsuite name="pytest" errors="0" failures="1" skipped="0" tests="10" time="10.788" timestamp="2026-03-03T14:01:10.183017+00:00" hostname="agent-env-c584bfb1-340b-4b9b-8997-8b284cb22f6a"><testcase classname="tests.test_admin_create_user.TestAdminCreateUser" name="test_01_admin_login_success" time="4.566" /><testcase classname="tests.test_admin_create_user.TestAdminCreateUser" name="test_02_admin_can_list_users" time="0.686" /><testcase classname="tests.test_admin_create_user.TestAdminCreateUser" name="test_03_check_test_user_does_not_exist" time="0.479" /><testcase classname="tests.test_admin_create_user.TestAdminCreateUser" name="test_04_admin_create_user_success" time="1.080" /><testcase classname="tests.test_admin_create_user.TestAdminCreateUser" name="test_05_newly_created_user_can_login" time="0.617" /><testcase classname="tests.test_admin_create_user.TestAdminCreateUser" name="test_06_verify_user_has_bank_account_with_iban" time="1.082"><failure message="AttributeError: 'list' object has no attribute 'get'">tests/test_admin_create_user.py:165: in test_06_verify_user_has_bank_account_with_iban
    accounts = data.get("accounts", [])
               ^^^^^^^^
E   AttributeError: 'list' object has no attribute 'get'</failure></testcase><testcase classname="tests.test_admin_create_user.TestAdminCreateUser" name="test_07_regression_existing_user_can_login" time="0.638" /><testcase classname="tests.test_admin_create_user.TestAdminCreateUser" name="test_08_admin_can_view_created_user_details" time="0.710" /><testcase classname="tests.test_admin_create_user.TestAdminCreateUser" name="test_09_duplicate_email_rejected" time="0.372" /><testcase classname="tests.test_admin_create_user.TestAdminCreateUser" name="test_10_duplicate_iban_rejected" time="0.473" /></testsuite></testsuites>