<?xml version="1.0" encoding="utf-8"?><testsuites name="pytest tests"><testsuite name="pytest" errors="0" failures="0" skipped="0" tests="11" time="14.771" timestamp="2026-02-24T16:59:50.274206+00:00" hostname="agent-env-1ba77f61-b6c8-4322-8ac3-a06f05d029bc"><testcase classname="backend.tests.test_admin_credit_hotfix.TestAdminCreditHotfix" name="test_admin_login" time="0.678" /><testcase classname="backend.tests.test_admin_credit_hotfix.TestAdminCreditHotfix" name="test_credit_account_with_amount_cents" time="2.780" /><testcase classname="backend.tests.test_admin_credit_hotfix.TestAdminCreditHotfix" name="test_credit_account_with_professional_fields" time="1.436" /><testcase classname="backend.tests.test_admin_credit_hotfix.TestAdminCreditHotfix" name="test_credit_account_missing_amount_returns_error" time="0.177" /><testcase classname="backend.tests.test_admin_credit_hotfix.TestAdminCreditHotfix" name="test_credit_account_old_amount_field_fails" time="0.186" /><testcase classname="backend.tests.test_admin_credit_hotfix.TestAdminCreditHotfix" name="test_debit_account_with_amount_cents" time="2.905" /><testcase classname="backend.tests.test_admin_credit_hotfix.TestAdminCreditHotfix" name="test_debit_account_with_professional_fields" time="2.936" /><testcase classname="backend.tests.test_admin_credit_hotfix.TestAdminCreditHotfix" name="test_debit_insufficient_balance" time="0.408" /><testcase classname="backend.tests.test_admin_credit_hotfix.TestAdminCreditHotfix" name="test_audit_log_created_for_credit" time="1.841" /><testcase classname="backend.tests.test_admin_credit_hotfix.TestAdminCreditHotfix" name="test_invalid_account_id_returns_404" time="0.305" /><testcase classname="backend.tests.test_admin_credit_hotfix.TestErrorHandling" name="test_validation_error_returns_proper_format" time="1.059" /></testsuite></testsuites>