<?xml version="1.0" encoding="utf-8"?><testsuites name="pytest tests"><testsuite name="pytest" errors="0" failures="0" skipped="0" tests="10" time="3.227" timestamp="2026-04-03T08:04:27.660958+00:00" hostname="agent-env-7769ad89-5a48-4ec0-aded-6fee945961cd"><testcase classname="backend.tests.test_admin_edit_profile.TestAdminEditProfile" name="test_admin_can_update_first_name" time="0.437" /><testcase classname="backend.tests.test_admin_edit_profile.TestAdminEditProfile" name="test_admin_can_update_last_name" time="0.354" /><testcase classname="backend.tests.test_admin_edit_profile.TestAdminEditProfile" name="test_admin_can_update_phone" time="0.337" /><testcase classname="backend.tests.test_admin_edit_profile.TestAdminEditProfile" name="test_admin_can_update_multiple_fields" time="0.308" /><testcase classname="backend.tests.test_admin_edit_profile.TestAdminEditProfile" name="test_returns_400_if_no_fields_provided" time="0.240" /><testcase classname="backend.tests.test_admin_edit_profile.TestAdminEditProfile" name="test_returns_400_if_email_already_taken" time="0.238" /><testcase classname="backend.tests.test_admin_edit_profile.TestAdminEditProfile" name="test_returns_404_if_user_not_found" time="0.183" /><testcase classname="backend.tests.test_admin_edit_profile.TestAdminEditProfile" name="test_non_admin_cannot_access_endpoint" time="0.346" /><testcase classname="backend.tests.test_admin_edit_profile.TestAdminEditProfile" name="test_admin_can_update_email_to_new_unique_email" time="0.335" /><testcase classname="backend.tests.test_admin_edit_profile.TestAdminEditProfile" name="test_email_is_normalized_to_lowercase" time="0.380" /></testsuite></testsuites>