<?xml version="1.0" encoding="utf-8"?><testsuites name="pytest tests"><testsuite name="pytest" errors="0" failures="0" skipped="0" tests="21" time="15.443" timestamp="2026-02-20T15:25:12.343495+00:00" hostname="agent-env-071d8886-7726-4435-8a57-eacd6d015b2d"><testcase classname="backend.tests.test_admin_card_requests.TestAdminCardRequestsPagination" name="test_default_page_size_is_50" time="3.568" /><testcase classname="backend.tests.test_admin_card_requests.TestAdminCardRequestsPagination" name="test_page_size_20" time="0.568" /><testcase classname="backend.tests.test_admin_card_requests.TestAdminCardRequestsPagination" name="test_page_size_100" time="1.150" /><testcase classname="backend.tests.test_admin_card_requests.TestAdminCardRequestsPagination" name="test_invalid_page_size_defaults_to_50" time="0.583" /><testcase classname="backend.tests.test_admin_card_requests.TestAdminCardRequestsPagination" name="test_pagination_has_correct_fields" time="0.554" /><testcase classname="backend.tests.test_admin_card_requests.TestAdminCardRequestsPagination" name="test_first_page_has_no_prev" time="0.592" /><testcase classname="backend.tests.test_admin_card_requests.TestAdminCardRequestsSearch" name="test_search_by_card_type_virtual" time="0.730" /><testcase classname="backend.tests.test_admin_card_requests.TestAdminCardRequestsSearch" name="test_search_by_card_type_physical" time="0.666" /><testcase classname="backend.tests.test_admin_card_requests.TestAdminCardRequestsSearch" name="test_search_by_user_name" time="0.706" /><testcase classname="backend.tests.test_admin_card_requests.TestAdminCardRequestsSearch" name="test_search_by_email" time="0.667" /><testcase classname="backend.tests.test_admin_card_requests.TestAdminCardRequestsSearch" name="test_search_scope_tab_filters_by_status" time="0.734" /><testcase classname="backend.tests.test_admin_card_requests.TestAdminCardRequestsSearch" name="test_search_scope_all_searches_across_statuses" time="0.677" /><testcase classname="backend.tests.test_admin_card_requests.TestAdminCardRequestsSearch" name="test_search_returns_user_info" time="0.577" /><testcase classname="backend.tests.test_admin_card_requests.TestAdminCardRequestsTabs" name="test_pending_tab" time="0.569" /><testcase classname="backend.tests.test_admin_card_requests.TestAdminCardRequestsTabs" name="test_fulfilled_tab" time="0.504" /><testcase classname="backend.tests.test_admin_card_requests.TestAdminCardRequestsTabs" name="test_rejected_tab" time="0.451" /><testcase classname="backend.tests.test_admin_card_requests.TestAdminCardRequestsDelete" name="test_delete_nonexistent_request_returns_404" time="0.330" /><testcase classname="backend.tests.test_admin_card_requests.TestAdminCardRequestsDelete" name="test_delete_endpoint_exists_and_requires_auth" time="0.158" /><testcase classname="backend.tests.test_admin_card_requests.TestAuditLogging" name="test_audit_log_collection_exists" time="0.376" /><testcase classname="backend.tests.test_admin_card_requests.TestCardRequestsResponseStructure" name="test_response_has_ok_and_data_fields" time="0.571" /><testcase classname="backend.tests.test_admin_card_requests.TestCardRequestsResponseStructure" name="test_card_request_has_required_fields" time="0.636" /></testsuite></testsuites>