<?xml version="1.0" encoding="utf-8"?><testsuites name="pytest tests"><testsuite name="pytest" errors="0" failures="0" skipped="0" tests="15" time="13.556" timestamp="2026-03-09T14:03:37.696210+00:00" hostname="agent-env-09e17685-c125-4883-97bc-75449c4a3798"><testcase classname="tests.test_admin_created_user_verify_password.TestAdminCreatedUserVerifyPassword" name="test_01_admin_login" time="3.522" /><testcase classname="tests.test_admin_created_user_verify_password.TestAdminCreatedUserVerifyPassword" name="test_02_admin_create_test_user" time="1.068" /><testcase classname="tests.test_admin_created_user_verify_password.TestAdminCreatedUserVerifyPassword" name="test_03_admin_created_user_can_login" time="0.614" /><testcase classname="tests.test_admin_created_user_verify_password.TestAdminCreatedUserVerifyPassword" name="test_04_admin_created_user_can_verify_password" time="0.521" /><testcase classname="tests.test_admin_created_user_verify_password.TestAdminCreatedUserVerifyPassword" name="test_05_admin_created_user_wrong_password_returns_401" time="0.497" /><testcase classname="tests.test_admin_created_user_verify_password.TestAdminCreatedUserVerifyPassword" name="test_06_admin_created_user_can_access_accounts" time="0.464" /><testcase classname="tests.test_admin_created_user_verify_password.TestAdminCreatedUserVerifyPassword" name="test_07_admin_created_user_can_access_dashboard" time="0.362" /><testcase classname="tests.test_admin_created_user_verify_password.TestAdminCreatedUserVerifyPassword" name="test_08_regular_user_can_login" time="0.590" /><testcase classname="tests.test_admin_created_user_verify_password.TestAdminCreatedUserVerifyPassword" name="test_09_regular_user_can_verify_password" time="0.512" /><testcase classname="tests.test_admin_created_user_verify_password.TestAdminCreatedUserVerifyPassword" name="test_10_regular_user_can_access_accounts" time="0.598" /><testcase classname="tests.test_admin_created_user_verify_password.TestAdminCreatedUserVerifyPassword" name="test_11_admin_can_view_users_list" time="0.705" /><testcase classname="tests.test_admin_created_user_verify_password.TestAdminCreatedUserVerifyPassword" name="test_12_admin_can_view_grouped_tickets" time="0.711" /><testcase classname="tests.test_admin_created_user_verify_password.TestAdminCreatedUserVerifyPassword" name="test_99_cleanup_test_user" time="1.478" /><testcase classname="tests.test_admin_created_user_verify_password.TestClientSupportAccess" name="test_client_support_ticket_page_accessible" time="1.075" /><testcase classname="tests.test_admin_created_user_verify_password.TestClientSupportAccess" name="test_tax_status_page_accessible" time="0.774" /></testsuite></testsuites>