<?xml version="1.0" encoding="utf-8"?><testsuites name="pytest tests"><testsuite name="pytest" errors="0" failures="0" skipped="0" tests="11" time="17.280" timestamp="2026-02-24T16:54:38.965999+00:00" hostname="agent-env-1ba77f61-b6c8-4322-8ac3-a06f05d029bc"><testcase classname="backend.tests.test_admin_credit_hotfix.TestAdminCreditHotfix" name="test_admin_login" time="3.417" /><testcase classname="backend.tests.test_admin_credit_hotfix.TestAdminCreditHotfix" name="test_credit_account_with_amount_cents" time="2.749" /><testcase classname="backend.tests.test_admin_credit_hotfix.TestAdminCreditHotfix" name="test_credit_account_with_professional_fields" time="1.417" /><testcase classname="backend.tests.test_admin_credit_hotfix.TestAdminCreditHotfix" name="test_credit_account_missing_amount_returns_error" time="0.193" /><testcase classname="backend.tests.test_admin_credit_hotfix.TestAdminCreditHotfix" name="test_credit_account_old_amount_field_fails" time="0.181" /><testcase classname="backend.tests.test_admin_credit_hotfix.TestAdminCreditHotfix" name="test_debit_account_with_amount_cents" time="3.046" /><testcase classname="backend.tests.test_admin_credit_hotfix.TestAdminCreditHotfix" name="test_debit_account_with_professional_fields" time="2.907" /><testcase classname="backend.tests.test_admin_credit_hotfix.TestAdminCreditHotfix" name="test_debit_insufficient_balance" time="0.406" /><testcase classname="backend.tests.test_admin_credit_hotfix.TestAdminCreditHotfix" name="test_audit_log_created_for_credit" time="1.699" /><testcase classname="backend.tests.test_admin_credit_hotfix.TestAdminCreditHotfix" name="test_invalid_account_id_returns_404" time="0.307" /><testcase classname="backend.tests.test_admin_credit_hotfix.TestErrorHandling" name="test_validation_error_returns_proper_format" time="0.886" /></testsuite></testsuites>