<?xml version="1.0" encoding="utf-8"?><testsuites name="pytest tests"><testsuite name="pytest" errors="0" failures="0" skipped="0" tests="9" time="12.782" timestamp="2026-02-23T14:22:48.660942+00:00" hostname="agent-env-fcf37be6-071e-420a-9d0f-14d43277216c"><testcase classname="backend.tests.test_admin_user_phone.TestAdminUsersPhoneEndpoint" name="test_users_list_returns_phone_field" time="5.016" /><testcase classname="backend.tests.test_admin_user_phone.TestAdminUsersPhoneEndpoint" name="test_users_list_has_user_with_phone" time="0.683" /><testcase classname="backend.tests.test_admin_user_phone.TestAdminUsersPhoneEndpoint" name="test_users_list_has_user_without_phone" time="0.672" /><testcase classname="backend.tests.test_admin_user_phone.TestAdminUserDetailPhoneEndpoint" name="test_user_detail_returns_phone_field" time="1.560" /><testcase classname="backend.tests.test_admin_user_phone.TestAdminUserDetailPhoneEndpoint" name="test_user_detail_with_phone_shows_correct_value" time="1.660" /><testcase classname="backend.tests.test_admin_user_phone.TestAdminUserDetailPhoneEndpoint" name="test_user_detail_without_phone_shows_none" time="1.554" /><testcase classname="backend.tests.test_admin_user_phone.TestAdminPanelRegressions" name="test_user_search_still_works" time="0.714" /><testcase classname="backend.tests.test_admin_user_phone.TestAdminPanelRegressions" name="test_pagination_still_works" time="0.727" /><testcase classname="backend.tests.test_admin_user_phone.TestAdminPanelRegressions" name="test_admin_access_required" time="0.130" /></testsuite></testsuites>