<?xml version="1.0" encoding="utf-8"?><testsuites name="pytest tests"><testsuite name="pytest" errors="0" failures="0" skipped="0" tests="33" time="24.267" timestamp="2026-02-17T13:57:01.762851+00:00" hostname="agent-env-3391ed47-c271-4e43-a27c-418dd09ed042"><testcase classname="tests.test_full_system_check.TestHealthEndpoints" name="test_api_health" time="0.500" /><testcase classname="tests.test_full_system_check.TestHealthEndpoints" name="test_db_health" time="0.468" /><testcase classname="tests.test_full_system_check.TestAuthenticationFlow" name="test_01_signup_new_user" time="0.846" /><testcase classname="tests.test_full_system_check.TestAuthenticationFlow" name="test_02_login_unverified_user_fails" time="0.446" /><testcase classname="tests.test_full_system_check.TestAuthenticationFlow" name="test_03_admin_login" time="0.619" /><testcase classname="tests.test_full_system_check.TestAuthenticationFlow" name="test_04_invalid_credentials" time="0.360" /><testcase classname="tests.test_full_system_check.TestAuthenticationFlow" name="test_05_forgot_password_request" time="0.669" /><testcase classname="tests.test_full_system_check.TestAuthenticationFlow" name="test_06_resend_verification" time="0.641" /><testcase classname="tests.test_full_system_check.TestAuthenticationFlow" name="test_07_get_me_requires_auth" time="0.104" /><testcase classname="tests.test_full_system_check.TestAuthenticationFlow" name="test_08_get_me_with_admin_token" time="1.013" /><testcase classname="tests.test_full_system_check.TestKYCEndpoints" name="test_01_kyc_requires_auth" time="0.168" /><testcase classname="tests.test_full_system_check.TestKYCEndpoints" name="test_02_admin_get_pending_kyc" time="0.474" /><testcase classname="tests.test_full_system_check.TestBankAccountEndpoints" name="test_01_accounts_requires_auth" time="0.124" /><testcase classname="tests.test_full_system_check.TestBankAccountEndpoints" name="test_02_admin_get_all_accounts" time="7.271" /><testcase classname="tests.test_full_system_check.TestTransfersEndpoints" name="test_01_admin_get_transfers" time="0.485" /><testcase classname="tests.test_full_system_check.TestTransfersEndpoints" name="test_02_beneficiaries_requires_auth" time="0.110" /><testcase classname="tests.test_full_system_check.TestTransfersEndpoints" name="test_03_scheduled_payments_requires_auth" time="0.110" /><testcase classname="tests.test_full_system_check.TestCardsEndpoints" name="test_01_admin_get_card_requests" time="0.371" /><testcase classname="tests.test_full_system_check.TestCardsEndpoints" name="test_02_cards_requires_auth" time="0.151" /><testcase classname="tests.test_full_system_check.TestSupportTicketsFlow" name="test_01_admin_get_tickets" time="0.690" /><testcase classname="tests.test_full_system_check.TestSupportTicketsFlow" name="test_02_admin_filter_tickets_by_status" time="1.731" /><testcase classname="tests.test_full_system_check.TestSupportTicketsFlow" name="test_03_tickets_requires_auth" time="0.126" /><testcase classname="tests.test_full_system_check.TestAdminUserManagement" name="test_01_get_all_users" time="0.562" /><testcase classname="tests.test_full_system_check.TestAdminUserManagement" name="test_02_search_users" time="0.561" /><testcase classname="tests.test_full_system_check.TestAdminUserManagement" name="test_03_pagination_20" time="0.586" /><testcase classname="tests.test_full_system_check.TestAdminUserManagement" name="test_04_pagination_50" time="0.652" /><testcase classname="tests.test_full_system_check.TestAdminUserManagement" name="test_05_get_user_details" time="1.268" /><testcase classname="tests.test_full_system_check.TestAuditLogs" name="test_01_get_audit_logs" time="0.359" /><testcase classname="tests.test_full_system_check.TestAdminNotifications" name="test_01_admin_notifications_counts" time="0.827" /><testcase classname="tests.test_full_system_check.TestAdminNotifications" name="test_02_admin_notifications_cleared_at" time="0.339" /><testcase classname="tests.test_full_system_check.TestInsightsEndpoints" name="test_01_monthly_spending_requires_auth" time="0.122" /><testcase classname="tests.test_full_system_check.TestNotificationsEndpoints" name="test_01_notifications_requires_auth" time="0.124" /><testcase classname="tests.test_full_system_check.TestCleanupTestData" name="test_zz_cleanup_test_users" time="1.301" /></testsuite></testsuites>