<?xml version="1.0" encoding="utf-8"?><testsuites name="pytest tests"><testsuite name="pytest" errors="0" failures="1" skipped="0" tests="23" time="49.365" timestamp="2026-02-18T09:52:20.708713+00:00" hostname="agent-env-df2cf8a1-9b8d-4a20-bd4d-4d3f98abb4d2"><testcase classname="backend.tests.test_full_pre_deploy.TestSupportTicketSearch" name="test_01_search_tickets_by_email" time="1.541" /><testcase classname="backend.tests.test_full_pre_deploy.TestSupportTicketSearch" name="test_02_search_tickets_partial_email" time="0.547" /><testcase classname="backend.tests.test_full_pre_deploy.TestSupportTicketSearch" name="test_03_search_with_status_filter" time="0.447" /><testcase classname="backend.tests.test_full_pre_deploy.TestAdminCreateTicket" name="test_01_search_users_for_ticket" time="0.321" /><testcase classname="backend.tests.test_full_pre_deploy.TestAdminCreateTicket" name="test_02_admin_create_ticket_endpoint_exists" time="0.233" /><testcase classname="backend.tests.test_full_pre_deploy.TestUnreadBadges" name="test_01_client_tickets_include_unread_count" time="0.462" /><testcase classname="backend.tests.test_full_pre_deploy.TestUnreadBadges" name="test_02_mark_ticket_as_read_endpoint" time="0.773" /><testcase classname="backend.tests.test_full_pre_deploy.TestNotificationAggregation" name="test_01_admin_notification_counts" time="0.780" /><testcase classname="backend.tests.test_full_pre_deploy.TestNotificationAggregation" name="test_02_notification_schema_includes_reply_count" time="0.336" /><testcase classname="backend.tests.test_full_pre_deploy.TestDashboardOverview" name="test_01_analytics_overview" time="1.665" /><testcase classname="backend.tests.test_full_pre_deploy.TestDashboardOverview" name="test_02_user_growth_data" time="0.107"><failure message="AssertionError: User growth failed: {&quot;detail&quot;:&quot;Not Found&quot;}&#10;assert 404 == 200&#10; +  where 404 = &lt;Response [404]&gt;.status_code">backend/tests/test_full_pre_deploy.py:223: in test_02_user_growth_data
    assert response.status_code == 200, f"User growth failed: {response.text}"
E   AssertionError: User growth failed: {"detail":"Not Found"}
E   assert 404 == 200
E    +  where 404 = &lt;Response [404]&gt;.status_code</failure></testcase><testcase classname="backend.tests.test_full_pre_deploy.TestUserManagement" name="test_01_list_users_with_pagination" time="0.552" /><testcase classname="backend.tests.test_full_pre_deploy.TestUserManagement" name="test_02_search_users" time="0.568" /><testcase classname="backend.tests.test_full_pre_deploy.TestUserManagement" name="test_03_view_user_details" time="1.202" /><testcase classname="backend.tests.test_full_pre_deploy.TestTransfersQueue" name="test_01_list_transfers" time="18.784" /><testcase classname="backend.tests.test_full_pre_deploy.TestTransfersQueue" name="test_02_transfers_include_sender_info" time="18.824" /><testcase classname="backend.tests.test_full_pre_deploy.TestKYCQueue" name="test_01_list_pending_kyc" time="0.398" /><testcase classname="backend.tests.test_full_pre_deploy.TestCardRequests" name="test_01_list_card_requests" time="0.317" /><testcase classname="backend.tests.test_full_pre_deploy.TestCardRequests" name="test_02_card_request_has_status" time="0.328" /><testcase classname="backend.tests.test_full_pre_deploy.TestAuditLogs" name="test_01_view_audit_logs" time="0.334" /><testcase classname="backend.tests.test_full_pre_deploy.TestAuditLogs" name="test_02_filter_audit_logs" time="0.321" /><testcase classname="backend.tests.test_full_pre_deploy.TestSessionManagement" name="test_01_verify_token" time="0.326" /><testcase classname="backend.tests.test_full_pre_deploy.TestSessionManagement" name="test_02_invalid_token_rejected" time="0.101" /></testsuite></testsuites>