<?xml version="1.0" encoding="utf-8"?><testsuites name="pytest tests"><testsuite name="pytest" errors="0" failures="3" skipped="0" tests="33" time="24.013" timestamp="2026-02-17T13:56:17.864033+00:00" hostname="agent-env-3391ed47-c271-4e43-a27c-418dd09ed042"><testcase classname="tests.test_full_system_check.TestHealthEndpoints" name="test_api_health" time="0.240" /><testcase classname="tests.test_full_system_check.TestHealthEndpoints" name="test_db_health" time="0.473" /><testcase classname="tests.test_full_system_check.TestAuthenticationFlow" name="test_01_signup_new_user" time="0.876" /><testcase classname="tests.test_full_system_check.TestAuthenticationFlow" name="test_02_login_unverified_user_fails" time="0.402" /><testcase classname="tests.test_full_system_check.TestAuthenticationFlow" name="test_03_admin_login" time="0.666" /><testcase classname="tests.test_full_system_check.TestAuthenticationFlow" name="test_04_invalid_credentials" time="0.427" /><testcase classname="tests.test_full_system_check.TestAuthenticationFlow" name="test_05_forgot_password_request" time="0.656" /><testcase classname="tests.test_full_system_check.TestAuthenticationFlow" name="test_06_resend_verification" time="0.658" /><testcase classname="tests.test_full_system_check.TestAuthenticationFlow" name="test_07_get_me_requires_auth" time="0.131" /><testcase classname="tests.test_full_system_check.TestAuthenticationFlow" name="test_08_get_me_with_admin_token" time="1.062" /><testcase classname="tests.test_full_system_check.TestKYCEndpoints" name="test_01_kyc_requires_auth" time="0.262" /><testcase classname="tests.test_full_system_check.TestKYCEndpoints" name="test_02_admin_get_pending_kyc" time="0.343" /><testcase classname="tests.test_full_system_check.TestBankAccountEndpoints" name="test_01_accounts_requires_auth" time="0.156" /><testcase classname="tests.test_full_system_check.TestBankAccountEndpoints" name="test_02_admin_get_all_accounts" time="7.253"><failure message="AssertionError: assert False&#10; +  where False = isinstance({'accounts': [{'account_number': 'ACC749852150239', 'balance': 2995000, 'bic': 'ATSLEW22', 'created_at': None, ...}, {'account_number': 'ACC840779930886', 'balance': 3021600, 'bic': 'ATSLWE55', 'created_at': None, ...}, {'account_number': 'ACC171409071022', 'balance': 0, 'bic': 'CFTEMTM1XXX', 'created_at': None, ...}, {'account_number': 'ACC282479150590', 'balance': 9499611, 'bic': 'ECOMES12344', 'created_at': None, ...}, {'account_number': 'ACC290806929702', 'balance': 13208824, 'bic': 'BCYPCY2NXXX', 'created_at': None, ...}, {'account_number': 'ACC660288963076', 'balance': 9248722, 'bic': 'BCYPCY2N', 'created_at': None, ...}, ...], 'pagination': {'has_next': True, 'has_prev': False, 'limit': 50, 'page': 1, ...}}, list)">tests/test_full_system_check.py:218: in test_02_admin_get_all_accounts
    assert isinstance(data, list)
E   AssertionError: assert False
E    +  where False = isinstance({'accounts': [{'account_number': 'ACC749852150239', 'balance': 2995000, 'bic': 'ATSLEW22', 'created_at': None, ...}, {'account_number': 'ACC840779930886', 'balance': 3021600, 'bic': 'ATSLWE55', 'created_at': None, ...}, {'account_number': 'ACC171409071022', 'balance': 0, 'bic': 'CFTEMTM1XXX', 'created_at': None, ...}, {'account_number': 'ACC282479150590', 'balance': 9499611, 'bic': 'ECOMES12344', 'created_at': None, ...}, {'account_number': 'ACC290806929702', 'balance': 13208824, 'bic': 'BCYPCY2NXXX', 'created_at': None, ...}, {'account_number': 'ACC660288963076', 'balance': 9248722, 'bic': 'BCYPCY2N', 'created_at': None, ...}, ...], 'pagination': {'has_next': True, 'has_prev': False, 'limit': 50, 'page': 1, ...}}, list)</failure></testcase><testcase classname="tests.test_full_system_check.TestTransfersEndpoints" name="test_01_admin_get_transfers" time="0.591"><failure message="AssertionError: assert False&#10; +  where False = isinstance({'data': [{'admin_action_at': '2026-02-17T10:30:22.593000+00:00', 'admin_action_by': 'admin_super_001', 'amount': 11400000, 'attachment_url': None, ...}, {'admin_action_at': None, 'admin_action_by': None, 'amount': 22295400, 'attachment_url': None, ...}, {'admin_action_at': '2026-02-17T10:14:21.257000+00:00', 'admin_action_by': 'admin_super_001', 'amount': 19923500, 'attachment_url': None, ...}, {'admin_action_at': '2026-02-16T09:01:41.274000+00:00', 'admin_action_by': 'admin_super_001', 'amount': 500000, 'attachment_url': None, ...}, {'admin_action_at': '2026-02-16T11:45:38.746000+00:00', 'admin_action_by': 'admin_super_001', 'amount': 65578800, 'attachment_url': None, ...}, {'admin_action_at': '2026-02-16T08:15:16.208000+00:00', 'admin_action_by': 'admin_super_001', 'amount': 11235000, 'attachment_url': None, ...}, ...], 'ok': True}, list)">tests/test_full_system_check.py:234: in test_01_admin_get_transfers
    assert isinstance(data, list)
E   AssertionError: assert False
E    +  where False = isinstance({'data': [{'admin_action_at': '2026-02-17T10:30:22.593000+00:00', 'admin_action_by': 'admin_super_001', 'amount': 11400000, 'attachment_url': None, ...}, {'admin_action_at': None, 'admin_action_by': None, 'amount': 22295400, 'attachment_url': None, ...}, {'admin_action_at': '2026-02-17T10:14:21.257000+00:00', 'admin_action_by': 'admin_super_001', 'amount': 19923500, 'attachment_url': None, ...}, {'admin_action_at': '2026-02-16T09:01:41.274000+00:00', 'admin_action_by': 'admin_super_001', 'amount': 500000, 'attachment_url': None, ...}, {'admin_action_at': '2026-02-16T11:45:38.746000+00:00', 'admin_action_by': 'admin_super_001', 'amount': 65578800, 'attachment_url': None, ...}, {'admin_action_at': '2026-02-16T08:15:16.208000+00:00', 'admin_action_by': 'admin_super_001', 'amount': 11235000, 'attachment_url': None, ...}, ...], 'ok': True}, list)</failure></testcase><testcase classname="tests.test_full_system_check.TestTransfersEndpoints" name="test_02_beneficiaries_requires_auth" time="0.123" /><testcase classname="tests.test_full_system_check.TestTransfersEndpoints" name="test_03_scheduled_payments_requires_auth" time="0.122" /><testcase classname="tests.test_full_system_check.TestCardsEndpoints" name="test_01_admin_get_card_requests" time="0.405"><failure message="AssertionError: assert False&#10; +  where False = isinstance({'data': [{'account_id': 'bank_acc_6971fed2ad8ed4d326f04041', 'card_type': 'DEBIT_PHYSICAL', 'created_at': '2026-01-22T10:43:58.381000+00:00', 'decided_at': None, ...}, {'account_id': 'bank_acc_697b9250301a0bf9f3ab1aab', 'card_type': 'VIRTUAL', 'created_at': '2026-01-30T16:52:32.243000+00:00', 'decided_at': None, ...}, {'account_id': 'bank_acc_697b9250301a0bf9f3ab1aab', 'card_type': 'DEBIT_PHYSICAL', 'created_at': '2026-01-30T16:57:06.658000+00:00', 'decided_at': None, ...}, {'account_id': 'bank_acc_697c9670c763b276d84f898b', 'card_type': 'DEBIT_PHYSICAL', 'created_at': '2026-02-02T09:59:44.357000+00:00', 'decided_at': None, ...}, {'account_id': 'bank_acc_69849c8a5f44937c9f4a67f3', 'card_type': 'DEBIT_PHYSICAL', 'created_at': '2026-02-05T23:18:24.557000+00:00', 'decided_at': None, ...}, {'account_id': 'bank_acc_6989b03983c07a4c08ef3255', 'card_type': 'VIRTUAL', 'created_at': '2026-02-10T13:48:37.985000+00:00', 'decided_at': None, ...}, ...], 'ok': True}, list)">tests/test_full_system_check.py:262: in test_01_admin_get_card_requests
    assert isinstance(data, list)
E   AssertionError: assert False
E    +  where False = isinstance({'data': [{'account_id': 'bank_acc_6971fed2ad8ed4d326f04041', 'card_type': 'DEBIT_PHYSICAL', 'created_at': '2026-01-22T10:43:58.381000+00:00', 'decided_at': None, ...}, {'account_id': 'bank_acc_697b9250301a0bf9f3ab1aab', 'card_type': 'VIRTUAL', 'created_at': '2026-01-30T16:52:32.243000+00:00', 'decided_at': None, ...}, {'account_id': 'bank_acc_697b9250301a0bf9f3ab1aab', 'card_type': 'DEBIT_PHYSICAL', 'created_at': '2026-01-30T16:57:06.658000+00:00', 'decided_at': None, ...}, {'account_id': 'bank_acc_697c9670c763b276d84f898b', 'card_type': 'DEBIT_PHYSICAL', 'created_at': '2026-02-02T09:59:44.357000+00:00', 'decided_at': None, ...}, {'account_id': 'bank_acc_69849c8a5f44937c9f4a67f3', 'card_type': 'DEBIT_PHYSICAL', 'created_at': '2026-02-05T23:18:24.557000+00:00', 'decided_at': None, ...}, {'account_id': 'bank_acc_6989b03983c07a4c08ef3255', 'card_type': 'VIRTUAL', 'created_at': '2026-02-10T13:48:37.985000+00:00', 'decided_at': None, ...}, ...], 'ok': True}, list)</failure></testcase><testcase classname="tests.test_full_system_check.TestCardsEndpoints" name="test_02_cards_requires_auth" time="0.114" /><testcase classname="tests.test_full_system_check.TestSupportTicketsFlow" name="test_01_admin_get_tickets" time="0.689" /><testcase classname="tests.test_full_system_check.TestSupportTicketsFlow" name="test_02_admin_filter_tickets_by_status" time="1.602" /><testcase classname="tests.test_full_system_check.TestSupportTicketsFlow" name="test_03_tickets_requires_auth" time="0.109" /><testcase classname="tests.test_full_system_check.TestAdminUserManagement" name="test_01_get_all_users" time="0.558" /><testcase classname="tests.test_full_system_check.TestAdminUserManagement" name="test_02_search_users" time="0.574" /><testcase classname="tests.test_full_system_check.TestAdminUserManagement" name="test_03_pagination_20" time="0.555" /><testcase classname="tests.test_full_system_check.TestAdminUserManagement" name="test_04_pagination_50" time="0.655" /><testcase classname="tests.test_full_system_check.TestAdminUserManagement" name="test_05_get_user_details" time="1.264" /><testcase classname="tests.test_full_system_check.TestAuditLogs" name="test_01_get_audit_logs" time="0.411" /><testcase classname="tests.test_full_system_check.TestAdminNotifications" name="test_01_admin_notifications_counts" time="0.863" /><testcase classname="tests.test_full_system_check.TestAdminNotifications" name="test_02_admin_notifications_cleared_at" time="0.341" /><testcase classname="tests.test_full_system_check.TestInsightsEndpoints" name="test_01_monthly_spending_requires_auth" time="0.149" /><testcase classname="tests.test_full_system_check.TestNotificationsEndpoints" name="test_01_notifications_requires_auth" time="0.151" /><testcase classname="tests.test_full_system_check.TestCleanupTestData" name="test_zz_cleanup_test_users" time="1.012" /></testsuite></testsuites>