<?xml version="1.0" encoding="utf-8"?><testsuites name="pytest tests"><testsuite name="pytest" errors="0" failures="2" skipped="0" tests="13" time="17.569" timestamp="2026-02-24T14:17:56.111860+00:00" hostname="agent-env-4d7c9539-ef33-4ac2-8fb9-aa0cbb2fa5c9"><testcase classname="tests.test_kyc_submit_hotfix.TestKYCSubmitEndpointFix" name="test_admin_login_works" time="3.183" /><testcase classname="tests.test_kyc_submit_hotfix.TestKYCSubmitEndpointFix" name="test_kyc_submit_endpoint_accepts_body" time="1.053" /><testcase classname="tests.test_kyc_submit_hotfix.TestKYCSubmitEndpointFix" name="test_kyc_submit_validates_required_documents" time="1.013" /><testcase classname="tests.test_kyc_submit_hotfix.TestKYCSubmitEndpointFix" name="test_kyc_submit_validates_consents" time="1.077" /><testcase classname="tests.test_kyc_submit_hotfix.TestAdminKYCQueue" name="test_admin_kyc_pending_endpoint" time="1.413" /><testcase classname="tests.test_kyc_submit_hotfix.TestAdminKYCQueue" name="test_admin_kyc_queue_returns_personal_info" time="1.489" /><testcase classname="tests.test_kyc_submit_hotfix.TestAdminKYCQueue" name="test_admin_kyc_review_endpoint" time="1.488" /><testcase classname="tests.test_kyc_submit_hotfix.TestAdminSections" name="test_admin_users_list" time="1.312" /><testcase classname="tests.test_kyc_submit_hotfix.TestAdminSections" name="test_admin_accounts_list" time="0.660"><failure message="AssertionError: Accounts list failed: {&quot;detail&quot;:&quot;Not Found&quot;}&#10;assert 404 == 200&#10; +  where 404 = &lt;Response [404]&gt;.status_code">tests/test_kyc_submit_hotfix.py:270: in test_admin_accounts_list
    assert response.status_code == 200, f"Accounts list failed: {response.text}"
E   AssertionError: Accounts list failed: {"detail":"Not Found"}
E   assert 404 == 200
E    +  where 404 = &lt;Response [404]&gt;.status_code</failure></testcase><testcase classname="tests.test_kyc_submit_hotfix.TestAdminSections" name="test_admin_transfers_queue" time="0.652"><failure message="AssertionError: Transfers queue failed: {&quot;detail&quot;:&quot;Method Not Allowed&quot;}&#10;assert 405 == 200&#10; +  where 405 = &lt;Response [405]&gt;.status_code">tests/test_kyc_submit_hotfix.py:281: in test_admin_transfers_queue
    assert response.status_code == 200, f"Transfers queue failed: {response.text}"
E   AssertionError: Transfers queue failed: {"detail":"Method Not Allowed"}
E   assert 405 == 200
E    +  where 405 = &lt;Response [405]&gt;.status_code</failure></testcase><testcase classname="tests.test_kyc_submit_hotfix.TestAdminSections" name="test_admin_support_tickets" time="1.360" /><testcase classname="tests.test_kyc_submit_hotfix.TestAdminSections" name="test_admin_notification_counts" time="1.721" /><testcase classname="tests.test_kyc_submit_hotfix.TestKYCApplicationGet" name="test_kyc_application_get" time="1.058" /></testsuite></testsuites>