<?xml version="1.0" encoding="utf-8"?><testsuites name="pytest tests"><testsuite name="pytest" errors="0" failures="1" skipped="0" tests="19" time="44.570" timestamp="2026-02-19T10:19:00.888383+00:00" hostname="agent-env-be9380f2-31ea-457e-9659-17a53c31ed3a"><testcase classname="backend.tests.test_p2p_transfer_email.TestP2PTransferEmailFeature" name="test_transfer_schema_has_new_email_status_fields" time="0.047" /><testcase classname="backend.tests.test_p2p_transfer_email.TestP2PTransferEmailFeature" name="test_transfer_schema_default_values" time="0.000" /><testcase classname="backend.tests.test_p2p_transfer_email.TestP2PTransferEmailFeature" name="test_p2p_transfer_service_sends_email" time="0.191" /><testcase classname="backend.tests.test_p2p_transfer_email.TestP2PTransferEmailFeature" name="test_p2p_transfer_service_has_email_helper" time="0.000" /><testcase classname="backend.tests.test_p2p_transfer_email.TestP2PTransferEmailFeature" name="test_p2p_transfer_email_helper_returns_dict" time="0.001" /><testcase classname="backend.tests.test_p2p_transfer_email.TestP2PTransferEmailFeature" name="test_p2p_transfer_updates_email_status" time="0.000" /><testcase classname="backend.tests.test_p2p_transfer_email.TestP2PTransferEmailFeature" name="test_p2p_transfer_initializes_email_pending_status" time="0.002" /><testcase classname="backend.tests.test_p2p_transfer_email.TestP2PTransferEmailFeature" name="test_email_service_returns_structured_response" time="0.024" /><testcase classname="backend.tests.test_p2p_transfer_email.TestP2PTransferEmailFeature" name="test_email_service_logs_with_transfer_email_tag" time="0.001" /><testcase classname="backend.tests.test_p2p_transfer_email.TestP2PTransferEmailFeature" name="test_admin_resend_endpoint_exists" time="1.035" /><testcase classname="backend.tests.test_p2p_transfer_email.TestP2PTransferEmailFeature" name="test_admin_resend_prevents_duplicate_send" time="21.311" /><testcase classname="backend.tests.test_p2p_transfer_email.TestP2PTransferEmailFeature" name="test_admin_transfers_endpoint_returns_email_status_fields" time="20.678" /><testcase classname="backend.tests.test_p2p_transfer_email.TestP2PTransferEmailFeature" name="test_p2p_transfer_endpoint_exists" time="0.245" /><testcase classname="backend.tests.test_p2p_transfer_email.TestP2PTransferEmailFeature" name="test_transfer_service_uses_structured_logging" time="0.001" /><testcase classname="backend.tests.test_p2p_transfer_email.TestP2PTransferEmailIntegration" name="test_p2p_transfer_internal_sends_email" time="0.002" /><testcase classname="backend.tests.test_p2p_transfer_email.TestP2PTransferEmailIntegration" name="test_p2p_transfer_sepa_sends_email" time="0.002" /><testcase classname="backend.tests.test_p2p_transfer_email.TestP2PTransferEmailIntegration" name="test_regular_transfer_endpoint_still_works" time="0.920" /><testcase classname="backend.tests.test_p2p_transfer_email.TestTransferEmailErrorHandling" name="test_email_failure_does_not_break_transfer" time="0.001"><failure message="AssertionError: Should track status even on failure&#10;assert 'confirmation_email_status' in '    async def _send_transfer_confirmation_email(\n        self,\n        transfer_id: str,\n        user_id: str,\n        reference_number: str,\n        amount: int,\n        beneficiary_name: str,\n        beneficiary_iban: str,\n        sender_iban: str,\n        transfer_type: str = &quot;SEPA Transfer&quot;,\n        transfer_date: datetime = None\n    ) -&gt; dict:\n        &quot;&quot;&quot;\n        Send transfer confirmation email with comprehensive status tracking.\n        Updates the transfer record with email status.\n        Returns dict with success, provider_id, error, and email_warning.\n        &quot;&quot;&quot;\n        from services.email_service import EmailService\n        \n        email_warning = None\n        result = {\'success\': False, \'provider_id\': None, \'error\': None, \'email_warning\': None}\n        \n        try:\n            # Get user details for email\n            user = await self._get_user_details(user_id)\n            \n            if not user:\n                error_msg = f&quot;User not found: {user_id}&quot;\n                logger.error(f&quot;[TRANSFER EMAIL] {error_msg}&quot;)\n                await self._update_transfer_email_status(transfer_id, False, None, error_msg)\n                re...     await self._update_transfer_email_status(\n                    transfer_id, \n                    True, \n                    email_result.get(\'provider_id\'),\n                    None\n                )\n                result[\'success\'] = True\n                result[\'provider_id\'] = email_result.get(\'provider_id\')\n            else:\n                # FAILED\n                error_msg = email_result.get(\'error\', \'Unknown error\')\n                await self._update_transfer_email_status(transfer_id, False, None, error_msg)\n                result[\'error\'] = error_msg\n                result[\'email_warning\'] = f&quot;Transfer submitted, but confirmation email could not be delivered: {error_msg}&quot;\n                \n        except Exception as e:\n            error_msg = str(e)[:200]\n            logger.error(f&quot;[TRANSFER EMAIL] Exception for transfer {transfer_id}: {error_msg}&quot;)\n            await self._update_transfer_email_status(transfer_id, False, None, error_msg)\n            result[\'error\'] = error_msg\n            result[\'email_warning\'] = f&quot;Transfer submitted, but confirmation email could not be delivered: {error_msg}&quot;\n        \n        return result\n'">backend/tests/test_p2p_transfer_email.py:418: in test_email_failure_does_not_break_transfer
    assert "confirmation_email_status" in source, "Should track status even on failure"
E   AssertionError: Should track status even on failure
E   assert 'confirmation_email_status' in '    async def _send_transfer_confirmation_email(\n        self,\n        transfer_id: str,\n        user_id: str,\n        reference_number: str,\n        amount: int,\n        beneficiary_name: str,\n        beneficiary_iban: str,\n        sender_iban: str,\n        transfer_type: str = "SEPA Transfer",\n        transfer_date: datetime = None\n    ) -&gt; dict:\n        """\n        Send transfer confirmation email with comprehensive status tracking.\n        Updates the transfer record with email status.\n        Returns dict with success, provider_id, error, and email_warning.\n        """\n        from services.email_service import EmailService\n        \n        email_warning = None\n        result = {\'success\': False, \'provider_id\': None, \'error\': None, \'email_warning\': None}\n        \n        try:\n            # Get user details for email\n            user = await self._get_user_details(user_id)\n            \n            if not user:\n                error_msg = f"User not found: {user_id}"\n                logger.error(f"[TRANSFER EMAIL] {error_msg}")\n                await self._update_transfer_email_status(transfer_id, False, None, error_msg)\n                re...     await self._update_transfer_email_status(\n                    transfer_id, \n                    True, \n                    email_result.get(\'provider_id\'),\n                    None\n                )\n                result[\'success\'] = True\n                result[\'provider_id\'] = email_result.get(\'provider_id\')\n            else:\n                # FAILED\n                error_msg = email_result.get(\'error\', \'Unknown error\')\n                await self._update_transfer_email_status(transfer_id, False, None, error_msg)\n                result[\'error\'] = error_msg\n                result[\'email_warning\'] = f"Transfer submitted, but confirmation email could not be delivered: {error_msg}"\n                \n        except Exception as e:\n            error_msg = str(e)[:200]\n            logger.error(f"[TRANSFER EMAIL] Exception for transfer {transfer_id}: {error_msg}")\n            await self._update_transfer_email_status(transfer_id, False, None, error_msg)\n            result[\'error\'] = error_msg\n            result[\'email_warning\'] = f"Transfer submitted, but confirmation email could not be delivered: {error_msg}"\n        \n        return result\n'</failure></testcase><testcase classname="backend.tests.test_p2p_transfer_email.TestTransferEmailErrorHandling" name="test_email_failure_stores_error_message" time="0.001" /></testsuite></testsuites>