<?xml version="1.0" encoding="utf-8"?><testsuites name="pytest tests"><testsuite name="pytest" errors="0" failures="0" skipped="0" tests="19" time="45.403" timestamp="2026-02-19T10:19:59.027950+00:00" hostname="agent-env-be9380f2-31ea-457e-9659-17a53c31ed3a"><testcase classname="backend.tests.test_p2p_transfer_email.TestP2PTransferEmailFeature" name="test_transfer_schema_has_new_email_status_fields" time="0.047" /><testcase classname="backend.tests.test_p2p_transfer_email.TestP2PTransferEmailFeature" name="test_transfer_schema_default_values" time="0.000" /><testcase classname="backend.tests.test_p2p_transfer_email.TestP2PTransferEmailFeature" name="test_p2p_transfer_service_sends_email" time="0.191" /><testcase classname="backend.tests.test_p2p_transfer_email.TestP2PTransferEmailFeature" name="test_p2p_transfer_service_has_email_helper" time="0.000" /><testcase classname="backend.tests.test_p2p_transfer_email.TestP2PTransferEmailFeature" name="test_p2p_transfer_email_helper_returns_dict" time="0.001" /><testcase classname="backend.tests.test_p2p_transfer_email.TestP2PTransferEmailFeature" name="test_p2p_transfer_updates_email_status" time="0.000" /><testcase classname="backend.tests.test_p2p_transfer_email.TestP2PTransferEmailFeature" name="test_p2p_transfer_initializes_email_pending_status" time="0.002" /><testcase classname="backend.tests.test_p2p_transfer_email.TestP2PTransferEmailFeature" name="test_email_service_returns_structured_response" time="0.024" /><testcase classname="backend.tests.test_p2p_transfer_email.TestP2PTransferEmailFeature" name="test_email_service_logs_with_transfer_email_tag" time="0.001" /><testcase classname="backend.tests.test_p2p_transfer_email.TestP2PTransferEmailFeature" name="test_admin_resend_endpoint_exists" time="1.682" /><testcase classname="backend.tests.test_p2p_transfer_email.TestP2PTransferEmailFeature" name="test_admin_resend_prevents_duplicate_send" time="21.372" /><testcase classname="backend.tests.test_p2p_transfer_email.TestP2PTransferEmailFeature" name="test_admin_transfers_endpoint_returns_email_status_fields" time="20.737" /><testcase classname="backend.tests.test_p2p_transfer_email.TestP2PTransferEmailFeature" name="test_p2p_transfer_endpoint_exists" time="0.265" /><testcase classname="backend.tests.test_p2p_transfer_email.TestP2PTransferEmailFeature" name="test_transfer_service_uses_structured_logging" time="0.001" /><testcase classname="backend.tests.test_p2p_transfer_email.TestP2PTransferEmailIntegration" name="test_p2p_transfer_internal_sends_email" time="0.003" /><testcase classname="backend.tests.test_p2p_transfer_email.TestP2PTransferEmailIntegration" name="test_p2p_transfer_sepa_sends_email" time="0.002" /><testcase classname="backend.tests.test_p2p_transfer_email.TestP2PTransferEmailIntegration" name="test_regular_transfer_endpoint_still_works" time="0.992" /><testcase classname="backend.tests.test_p2p_transfer_email.TestTransferEmailErrorHandling" name="test_email_failure_does_not_break_transfer" time="0.001" /><testcase classname="backend.tests.test_p2p_transfer_email.TestTransferEmailErrorHandling" name="test_email_failure_stores_error_message" time="0.000" /></testsuite></testsuites>