<?xml version="1.0" encoding="utf-8"?><testsuites name="pytest tests"><testsuite name="pytest" errors="0" failures="2" skipped="0" tests="14" time="11.175" timestamp="2026-02-20T13:56:25.303619+00:00" hostname="agent-env-917cb0b2-7f01-49fd-b1fe-dbbbb146b700"><testcase classname="backend.tests.test_performance_optimization.TestAuthentication" name="test_admin_login" time="0.731" /><testcase classname="backend.tests.test_performance_optimization.TestAuthentication" name="test_customer_login" time="0.655" /><testcase classname="backend.tests.test_performance_optimization.TestDashboardPerformance" name="test_get_accounts" time="1.210" /><testcase classname="backend.tests.test_performance_optimization.TestDashboardPerformance" name="test_monthly_spending_performance" time="0.680" /><testcase classname="backend.tests.test_performance_optimization.TestDashboardPerformance" name="test_monthly_spending_value" time="0.691" /><testcase classname="backend.tests.test_performance_optimization.TestDashboardPerformance" name="test_get_transactions" time="1.330" /><testcase classname="backend.tests.test_performance_optimization.TestCustomerTicketsPerformance" name="test_get_customer_tickets_list" time="0.457" /><testcase classname="backend.tests.test_performance_optimization.TestCustomerTicketsPerformance" name="test_get_single_ticket_full_messages" time="0.891" /><testcase classname="backend.tests.test_performance_optimization.TestAdminTicketsPerformance" name="test_get_admin_tickets_list" time="1.304" /><testcase classname="backend.tests.test_performance_optimization.TestAdminTicketsPerformance" name="test_get_admin_tickets_with_filter" time="0.564" /><testcase classname="backend.tests.test_performance_optimization.TestAdminTicketsPerformance" name="test_get_single_admin_ticket" time="0.954"><failure message="AssertionError: Get single admin ticket took 0.503s - should be &lt; 0.5s&#10;assert 0.5032637119293213 &lt; 0.5">backend/tests/test_performance_optimization.py:327: in test_get_single_admin_ticket
    assert elapsed &lt; 0.5, f"Get single admin ticket took {elapsed:.3f}s - should be &lt; 0.5s"
E   AssertionError: Get single admin ticket took 0.503s - should be &lt; 0.5s
E   assert 0.5032637119293213 &lt; 0.5</failure></testcase><testcase classname="backend.tests.test_performance_optimization.TestAdminTicketsPerformance" name="test_admin_ticket_unread_counts" time="0.450" /><testcase classname="backend.tests.test_performance_optimization.TestPreviousFixes" name="test_transfers_queue_accessible" time="0.684" /><testcase classname="backend.tests.test_performance_optimization.TestPreviousFixes" name="test_card_requests_accessible" time="0.461"><failure message="KeyError: 0">backend/tests/test_performance_optimization.py:391: in test_card_requests_accessible
    req = requests_data[0]
          ^^^^^^^^^^^^^^^^
E   KeyError: 0</failure></testcase></testsuite></testsuites>