<?xml version="1.0" encoding="utf-8"?><testsuites name="pytest tests"><testsuite name="pytest" errors="0" failures="0" skipped="0" tests="27" time="4.352" timestamp="2026-04-01T13:46:00.483337+00:00" hostname="agent-env-7769ad89-5a48-4ec0-aded-6fee945961cd"><testcase classname="backend.tests.test_pre_deploy_health_check.TestHealthEndpoints" name="test_api_health" time="0.135" /><testcase classname="backend.tests.test_pre_deploy_health_check.TestAuthentication" name="test_admin_login_success" time="0.163" /><testcase classname="backend.tests.test_pre_deploy_health_check.TestAuthentication" name="test_customer_login_success" time="0.203" /><testcase classname="backend.tests.test_pre_deploy_health_check.TestAuthentication" name="test_login_invalid_credentials" time="0.108" /><testcase classname="backend.tests.test_pre_deploy_health_check.TestAuthentication" name="test_login_wrong_password" time="0.197" /><testcase classname="backend.tests.test_pre_deploy_health_check.TestAdminEndpoints" name="test_admin_users_list" time="0.306" /><testcase classname="backend.tests.test_pre_deploy_health_check.TestAdminEndpoints" name="test_admin_users_pagination" time="0.119" /><testcase classname="backend.tests.test_pre_deploy_health_check.TestAdminEndpoints" name="test_admin_analytics_overview" time="0.164" /><testcase classname="backend.tests.test_pre_deploy_health_check.TestAdminEndpoints" name="test_admin_kyc_queue" time="0.136" /><testcase classname="backend.tests.test_pre_deploy_health_check.TestAdminEndpoints" name="test_admin_card_requests" time="0.113" /><testcase classname="backend.tests.test_pre_deploy_health_check.TestAdminEndpoints" name="test_admin_transfers_queue" time="0.126" /><testcase classname="backend.tests.test_pre_deploy_health_check.TestAdminEndpoints" name="test_admin_tickets" time="0.132" /><testcase classname="backend.tests.test_pre_deploy_health_check.TestAdminEndpoints" name="test_admin_audit_logs" time="0.128" /><testcase classname="backend.tests.test_pre_deploy_health_check.TestAdminEndpoints" name="test_admin_accounts_with_users" time="0.114" /><testcase classname="backend.tests.test_pre_deploy_health_check.TestAdminEndpoints" name="test_admin_notification_counts" time="0.120" /><testcase classname="backend.tests.test_pre_deploy_health_check.TestCustomerEndpoints" name="test_customer_me" time="0.313" /><testcase classname="backend.tests.test_pre_deploy_health_check.TestCustomerEndpoints" name="test_customer_accounts" time="0.109" /><testcase classname="backend.tests.test_pre_deploy_health_check.TestCustomerEndpoints" name="test_customer_notifications" time="0.115" /><testcase classname="backend.tests.test_pre_deploy_health_check.TestCustomerEndpoints" name="test_customer_tickets" time="0.112" /><testcase classname="backend.tests.test_pre_deploy_health_check.TestCustomerEndpoints" name="test_customer_kyc_application" time="0.104" /><testcase classname="backend.tests.test_pre_deploy_health_check.TestCustomerEndpoints" name="test_customer_card_requests" time="0.107" /><testcase classname="backend.tests.test_pre_deploy_health_check.TestCustomerEndpoints" name="test_customer_transfers" time="0.117" /><testcase classname="backend.tests.test_pre_deploy_health_check.TestAccessControl" name="test_customer_cannot_access_admin_users" time="0.257" /><testcase classname="backend.tests.test_pre_deploy_health_check.TestAccessControl" name="test_customer_cannot_access_admin_kyc" time="0.105" /><testcase classname="backend.tests.test_pre_deploy_health_check.TestAccessControl" name="test_unauthenticated_cannot_access_protected" time="0.104" /><testcase classname="backend.tests.test_pre_deploy_health_check.TestLogout" name="test_admin_logout" time="0.278" /><testcase classname="backend.tests.test_pre_deploy_health_check.TestLogout" name="test_customer_logout" time="0.263" /></testsuite></testsuites>