<?xml version="1.0" encoding="utf-8"?><testsuites name="pytest tests"><testsuite name="pytest" errors="0" failures="3" skipped="0" tests="13" time="13.839" timestamp="2026-03-03T15:02:30.289306+00:00" hostname="agent-env-c584bfb1-340b-4b9b-8997-8b284cb22f6a"><testcase classname="backend.tests.test_pre_deploy_comprehensive.TestUserAuthentication" name="test_user_login" time="0.713" /><testcase classname="backend.tests.test_pre_deploy_comprehensive.TestUserAuthentication" name="test_user_me_endpoint" time="0.758"><failure message="AssertionError: Get user info failed: {&quot;detail&quot;:&quot;Not Found&quot;}&#10;assert 404 == 200&#10; +  where 404 = &lt;Response [404]&gt;.status_code">backend/tests/test_pre_deploy_comprehensive.py:50: in test_user_me_endpoint
    assert response.status_code == 200, f"Get user info failed: {response.text}"
E   AssertionError: Get user info failed: {"detail":"Not Found"}
E   assert 404 == 200
E    +  where 404 = &lt;Response [404]&gt;.status_code</failure></testcase><testcase classname="backend.tests.test_pre_deploy_comprehensive.TestUserDashboard" name="test_user_accounts" time="1.294" /><testcase classname="backend.tests.test_pre_deploy_comprehensive.TestUserDashboard" name="test_user_transactions" time="2.002" /><testcase classname="backend.tests.test_pre_deploy_comprehensive.TestUserDashboard" name="test_user_kyc_status" time="1.139" /><testcase classname="backend.tests.test_pre_deploy_comprehensive.TestUserSupport" name="test_user_tickets" time="1.121" /><testcase classname="backend.tests.test_pre_deploy_comprehensive.TestAdminAuthentication" name="test_admin_login" time="0.697" /><testcase classname="backend.tests.test_pre_deploy_comprehensive.TestAdminDashboard" name="test_admin_stats" time="0.736"><failure message="AssertionError: Get admin stats failed: {&quot;detail&quot;:&quot;Not Found&quot;}&#10;assert 404 == 200&#10; +  where 404 = &lt;Response [404]&gt;.status_code">backend/tests/test_pre_deploy_comprehensive.py:168: in test_admin_stats
    assert response.status_code == 200, f"Get admin stats failed: {response.text}"
E   AssertionError: Get admin stats failed: {"detail":"Not Found"}
E   assert 404 == 200
E    +  where 404 = &lt;Response [404]&gt;.status_code</failure></testcase><testcase classname="backend.tests.test_pre_deploy_comprehensive.TestAdminDashboard" name="test_admin_users_list" time="1.171" /><testcase classname="backend.tests.test_pre_deploy_comprehensive.TestAdminSupportTickets" name="test_admin_tickets_list" time="1.349" /><testcase classname="backend.tests.test_pre_deploy_comprehensive.TestAdminKYCQueue" name="test_admin_kyc_queue" time="0.738"><failure message="AssertionError: Get KYC queue failed: {&quot;detail&quot;:&quot;Not Found&quot;}&#10;assert 404 == 200&#10; +  where 404 = &lt;Response [404]&gt;.status_code">backend/tests/test_pre_deploy_comprehensive.py:226: in test_admin_kyc_queue
    assert response.status_code == 200, f"Get KYC queue failed: {response.text}"
E   AssertionError: Get KYC queue failed: {"detail":"Not Found"}
E   assert 404 == 200
E    +  where 404 = &lt;Response [404]&gt;.status_code</failure></testcase><testcase classname="backend.tests.test_pre_deploy_comprehensive.TestAdminTransfersQueue" name="test_admin_transfers_queue" time="1.315" /><testcase classname="backend.tests.test_pre_deploy_comprehensive.TestAdminLedger" name="test_admin_ledger_stats" time="0.721" /></testsuite></testsuites>