<?xml version="1.0" encoding="utf-8"?><testsuites name="pytest tests"><testsuite name="pytest" errors="0" failures="0" skipped="0" tests="23" time="23.485" timestamp="2026-02-23T17:05:18.876087+00:00" hostname="agent-env-ec216d4a-a3c4-4810-bd51-8dbe32ffe71c"><testcase classname="backend.tests.test_router_regression.TestHealthRouter" name="test_health_endpoint" time="2.232" /><testcase classname="backend.tests.test_router_regression.TestHealthRouter" name="test_db_health_endpoint" time="0.503" /><testcase classname="backend.tests.test_router_regression.TestAuthEndpoints" name="test_login_success" time="0.636" /><testcase classname="backend.tests.test_router_regression.TestAuthEndpoints" name="test_login_invalid_credentials" time="0.358" /><testcase classname="backend.tests.test_router_regression.TestAdminUsersRouter" name="test_get_all_users" time="1.356" /><testcase classname="backend.tests.test_router_regression.TestAdminUsersRouter" name="test_search_users" time="0.763" /><testcase classname="backend.tests.test_router_regression.TestAdminUsersRouter" name="test_get_user_details" time="1.375" /><testcase classname="backend.tests.test_router_regression.TestAdminUsersRouter" name="test_get_user_tax_hold_status" time="1.239" /><testcase classname="backend.tests.test_router_regression.TestAuditRouter" name="test_get_audit_logs" time="1.133" /><testcase classname="backend.tests.test_router_regression.TestAuditRouter" name="test_get_audit_logs_by_entity_type" time="0.483" /><testcase classname="backend.tests.test_router_regression.TestTicketsRouter" name="test_admin_get_all_tickets" time="1.341" /><testcase classname="backend.tests.test_router_regression.TestTicketsRouter" name="test_admin_get_tickets_with_status_filter" time="0.585" /><testcase classname="backend.tests.test_router_regression.TestTicketsRouter" name="test_customer_tickets_endpoint" time="0.478" /><testcase classname="backend.tests.test_router_regression.TestKYCRouter" name="test_admin_get_pending_kyc" time="1.306" /><testcase classname="backend.tests.test_router_regression.TestKYCRouter" name="test_customer_get_kyc_application" time="0.490" /><testcase classname="backend.tests.test_router_regression.TestSidebarNavigation" name="test_overview_analytics" time="2.270" /><testcase classname="backend.tests.test_router_regression.TestSidebarNavigation" name="test_users_section" time="0.797" /><testcase classname="backend.tests.test_router_regression.TestSidebarNavigation" name="test_kyc_queue_section" time="0.687" /><testcase classname="backend.tests.test_router_regression.TestSidebarNavigation" name="test_transfers_queue_section" time="0.815" /><testcase classname="backend.tests.test_router_regression.TestSidebarNavigation" name="test_support_tickets_section" time="0.669" /><testcase classname="backend.tests.test_router_regression.TestSidebarNavigation" name="test_audit_logs_section" time="0.455" /><testcase classname="backend.tests.test_router_regression.TestSidebarNavigation" name="test_card_requests_section" time="0.682" /><testcase classname="backend.tests.test_router_regression.TestNotes" name="test_update_user_notes" time="2.736" /></testsuite></testsuites>