<?xml version="1.0" encoding="utf-8"?><testsuites name="pytest tests"><testsuite name="pytest" errors="0" failures="0" skipped="0" tests="9" time="11.491" timestamp="2026-02-20T14:17:06.005669+00:00" hostname="agent-env-917cb0b2-7f01-49fd-b1fe-dbbbb146b700"><testcase classname="backend.tests.test_spending_consistency.TestSpendingConsistency" name="test_monthly_spending_endpoint" time="3.886" /><testcase classname="backend.tests.test_spending_consistency.TestSpendingConsistency" name="test_spending_insights_this_month" time="0.681" /><testcase classname="backend.tests.test_spending_consistency.TestSpendingConsistency" name="test_spending_consistency_overview_vs_insights" time="1.385" /><testcase classname="backend.tests.test_spending_consistency.TestSpendingConsistency" name="test_spending_insights_last_30_days" time="0.580" /><testcase classname="backend.tests.test_spending_consistency.TestSpendingConsistency" name="test_spending_insights_last_7_days" time="0.549" /><testcase classname="backend.tests.test_spending_consistency.TestSpendingConsistency" name="test_spending_insights_last_90_days" time="0.596" /><testcase classname="backend.tests.test_spending_consistency.TestSpendingConsistency" name="test_admin_login" time="0.654" /><testcase classname="backend.tests.test_spending_consistency.TestSpendingConsistency" name="test_admin_overview_loads" time="1.625" /><testcase classname="backend.tests.test_spending_consistency.TestSpendingConsistency" name="test_customer_dashboard_data" time="1.467" /></testsuite></testsuites>