<?xml version="1.0" encoding="utf-8"?><testsuites name="pytest tests"><testsuite name="pytest" errors="0" failures="0" skipped="0" tests="16" time="18.032" timestamp="2026-02-24T14:31:03.473918+00:00" hostname="agent-env-4d7c9539-ef33-4ac2-8fb9-aa0cbb2fa5c9"><testcase classname="tests.test_tax_hold_hotfix.TestTaxHoldEndpoint" name="test_tax_hold_user_can_login" time="3.947" /><testcase classname="tests.test_tax_hold_hotfix.TestTaxHoldEndpoint" name="test_tax_status_endpoint_exists" time="0.462" /><testcase classname="tests.test_tax_hold_hotfix.TestTaxHoldEndpoint" name="test_tax_status_returns_is_blocked" time="0.446" /><testcase classname="tests.test_tax_hold_hotfix.TestTaxHoldEndpoint" name="test_tax_status_returns_tax_amount_due" time="0.458" /><testcase classname="tests.test_tax_hold_hotfix.TestTaxHoldEndpoint" name="test_tax_status_has_all_required_fields" time="0.515" /><testcase classname="tests.test_tax_hold_hotfix.TestTaxHoldUserRestrictions" name="test_tax_hold_user_is_customer" time="1.277" /><testcase classname="tests.test_tax_hold_hotfix.TestTaxHoldUserRestrictions" name="test_tax_hold_user_has_active_tax_hold" time="0.569" /><testcase classname="tests.test_tax_hold_hotfix.TestTaxHoldUserRestrictions" name="test_user_can_access_dashboard_data" time="2.052" /><testcase classname="tests.test_tax_hold_hotfix.TestTaxHoldUserRestrictions" name="test_backend_transfer_rejection_for_tax_hold_user" time="0.939" /><testcase classname="tests.test_tax_hold_hotfix.TestAdminCanManageTaxHolds" name="test_admin_can_access_users_list" time="1.376" /><testcase classname="tests.test_tax_hold_hotfix.TestAdminCanManageTaxHolds" name="test_admin_can_get_user_details" time="1.297" /><testcase classname="tests.test_tax_hold_hotfix.TestAdminCanManageTaxHolds" name="test_admin_can_search_user_by_email" time="0.872" /><testcase classname="tests.test_tax_hold_hotfix.TestOtherAdminEndpoints" name="test_accounts_page_loads" time="1.452" /><testcase classname="tests.test_tax_hold_hotfix.TestOtherAdminEndpoints" name="test_transfers_queue_loads" time="0.788" /><testcase classname="tests.test_tax_hold_hotfix.TestOtherAdminEndpoints" name="test_support_tickets_loads" time="0.623" /><testcase classname="tests.test_tax_hold_hotfix.TestOtherAdminEndpoints" name="test_kyc_queue_loads" time="0.890" /></testsuite></testsuites>