<?xml version="1.0" encoding="utf-8"?><testsuites name="pytest tests"><testsuite name="pytest" errors="0" failures="0" skipped="0" tests="11" time="1.897" timestamp="2026-04-03T11:41:35.486889+00:00" hostname="agent-env-2e9c168c-e952-44ef-af8c-2cb949e797d8"><testcase classname="tests.test_tax_hold_duration.TestTaxHoldDurationBackend" name="test_set_tax_hold_with_duration_hours" time="0.454" /><testcase classname="tests.test_tax_hold_duration.TestTaxHoldDurationBackend" name="test_get_tax_hold_returns_duration_and_expires_at" time="0.103" /><testcase classname="tests.test_tax_hold_duration.TestTaxHoldDurationBackend" name="test_set_tax_hold_with_empty_reason" time="0.128" /><testcase classname="tests.test_tax_hold_duration.TestTaxHoldDurationBackend" name="test_set_tax_hold_with_null_reason" time="0.116" /><testcase classname="tests.test_tax_hold_duration.TestTaxHoldDurationBackend" name="test_get_tax_hold_reason_is_null_when_empty" time="0.100" /><testcase classname="tests.test_tax_hold_duration.TestTaxHoldDurationBackend" name="test_expires_at_is_calculated_correctly" time="0.215" /><testcase classname="tests.test_tax_hold_duration.TestClientTaxStatus" name="test_client_tax_status_returns_expires_at" time="0.273" /><testcase classname="tests.test_tax_hold_duration.TestClientTaxStatus" name="test_client_tax_status_returns_all_fields" time="0.098" /><testcase classname="tests.test_tax_hold_duration.TestTaxHoldValidation" name="test_duration_hours_must_be_positive" time="0.114" /><testcase classname="tests.test_tax_hold_duration.TestTaxHoldValidation" name="test_duration_hours_accepts_large_values" time="0.107" /><testcase classname="tests.test_tax_hold_duration.TestCleanup" name="test_restore_original_tax_hold" time="0.130" /></testsuite></testsuites>