<?xml version="1.0" encoding="utf-8"?><testsuites name="pytest tests"><testsuite name="pytest" errors="0" failures="4" skipped="0" tests="13" time="12.386" timestamp="2026-03-04T10:19:40.840061+00:00" hostname="agent-env-c584bfb1-340b-4b9b-8997-8b284cb22f6a"><testcase classname="backend.tests.test_tax_hold_fix_verification.TestTaxHoldFix" name="test_admin_tax_hold_returns_payment_details_for_nested_data" time="5.315" /><testcase classname="backend.tests.test_tax_hold_fix_verification.TestTaxHoldFix" name="test_user_tax_status_endpoint" time="1.061" /><testcase classname="backend.tests.test_tax_hold_fix_verification.TestUserAuthentication" name="test_user_login_success" time="0.606" /><testcase classname="backend.tests.test_tax_hold_fix_verification.TestUserAuthentication" name="test_user_login_wrong_password" time="0.371" /><testcase classname="backend.tests.test_tax_hold_fix_verification.TestUserDashboard" name="test_user_profile" time="1.197" /><testcase classname="backend.tests.test_tax_hold_fix_verification.TestUserDashboard" name="test_user_accounts" time="0.132"><failure message="AssertionError: Failed: {&quot;detail&quot;:&quot;Not Found&quot;}&#10;assert 404 == 200&#10; +  where 404 = &lt;Response [404]&gt;.status_code">backend/tests/test_tax_hold_fix_verification.py:161: in test_user_accounts
    assert response.status_code == 200, f"Failed: {response.text}"
E   AssertionError: Failed: {"detail":"Not Found"}
E   assert 404 == 200
E    +  where 404 = &lt;Response [404]&gt;.status_code</failure></testcase><testcase classname="backend.tests.test_tax_hold_fix_verification.TestUserDashboard" name="test_user_transactions" time="0.141"><failure message="AssertionError: Failed: {&quot;detail&quot;:&quot;Not Found&quot;}&#10;assert 404 == 200&#10; +  where 404 = &lt;Response [404]&gt;.status_code">backend/tests/test_tax_hold_fix_verification.py:172: in test_user_transactions
    assert response.status_code == 200, f"Failed: {response.text}"
E   AssertionError: Failed: {"detail":"Not Found"}
E   assert 404 == 200
E    +  where 404 = &lt;Response [404]&gt;.status_code</failure></testcase><testcase classname="backend.tests.test_tax_hold_fix_verification.TestAdminFeatures" name="test_admin_login" time="0.594" /><testcase classname="backend.tests.test_tax_hold_fix_verification.TestAdminFeatures" name="test_admin_list_users" time="1.273" /><testcase classname="backend.tests.test_tax_hold_fix_verification.TestAdminFeatures" name="test_admin_support_tickets" time="0.720" /><testcase classname="backend.tests.test_tax_hold_fix_verification.TestAdminFeatures" name="test_admin_kyc_queue" time="0.102"><failure message="AssertionError: Failed: {&quot;detail&quot;:&quot;Not Found&quot;}&#10;assert 404 == 200&#10; +  where 404 = &lt;Response [404]&gt;.status_code">backend/tests/test_tax_hold_fix_verification.py:227: in test_admin_kyc_queue
    assert response.status_code == 200, f"Failed: {response.text}"
E   AssertionError: Failed: {"detail":"Not Found"}
E   assert 404 == 200
E    +  where 404 = &lt;Response [404]&gt;.status_code</failure></testcase><testcase classname="backend.tests.test_tax_hold_fix_verification.TestAdminFeatures" name="test_admin_transfers_queue" time="0.672" /><testcase classname="backend.tests.test_tax_hold_fix_verification.TestAdminFeatures" name="test_admin_accounts_ledger" time="0.099"><failure message="AssertionError: Failed: {&quot;detail&quot;:&quot;Not Found&quot;}&#10;assert 404 == 200&#10; +  where 404 = &lt;Response [404]&gt;.status_code">backend/tests/test_tax_hold_fix_verification.py:245: in test_admin_accounts_ledger
    assert response.status_code == 200, f"Failed: {response.text}"
E   AssertionError: Failed: {"detail":"Not Found"}
E   assert 404 == 200
E    +  where 404 = &lt;Response [404]&gt;.status_code</failure></testcase></testsuite></testsuites>