<?xml version="1.0" encoding="utf-8"?><testsuites name="pytest tests"><testsuite name="pytest" errors="0" failures="2" skipped="0" tests="16" time="22.729" timestamp="2026-02-24T14:07:23.404917+00:00" hostname="agent-env-4d7c9539-ef33-4ac2-8fb9-aa0cbb2fa5c9"><testcase classname="tests.test_tax_hold_hotfix.TestAdminAuthentication" name="test_admin_login" time="3.491" /><testcase classname="tests.test_tax_hold_hotfix.TestTaxHoldCRUD" name="test_apply_tax_hold_with_amount" time="3.389" /><testcase classname="tests.test_tax_hold_hotfix.TestTaxHoldCRUD" name="test_get_tax_hold_returns_correct_amount" time="0.555" /><testcase classname="tests.test_tax_hold_hotfix.TestTaxHoldCRUD" name="test_update_tax_hold_amount" time="1.468" /><testcase classname="tests.test_tax_hold_hotfix.TestNotificationCreation" name="test_notification_created_for_tax_hold" time="2.316" /><testcase classname="tests.test_tax_hold_hotfix.TestNotificationCreation" name="test_notification_created_for_tax_hold_removal" time="1.812" /><testcase classname="tests.test_tax_hold_hotfix.TestAccountRestriction" name="test_transfer_blocked_with_tax_hold" time="2.640"><failure message="AssertionError: Expected 403 for tax hold, got 422&#10;assert 422 == 403&#10; +  where 422 = &lt;Response [422]&gt;.status_code">tests/test_tax_hold_hotfix.py:279: in test_transfer_blocked_with_tax_hold
    assert response.status_code == 403, f"Expected 403 for tax hold, got {response.status_code}"
E   AssertionError: Expected 403 for tax hold, got 422
E   assert 422 == 403
E    +  where 422 = &lt;Response [422]&gt;.status_code</failure></testcase><testcase classname="tests.test_tax_hold_hotfix.TestAccountRestriction" name="test_transfer_allowed_after_tax_hold_removal" time="1.571" /><testcase classname="tests.test_tax_hold_hotfix.TestAdminPagesLoad" name="test_admin_users_list" time="0.785" /><testcase classname="tests.test_tax_hold_hotfix.TestAdminPagesLoad" name="test_admin_user_details" time="0.711" /><testcase classname="tests.test_tax_hold_hotfix.TestAdminPagesLoad" name="test_admin_kyc_queue" time="0.133"><failure message="AssertionError: KYC queue failed: {&quot;detail&quot;:&quot;Not Found&quot;}&#10;assert 404 == 200&#10; +  where 404 = &lt;Response [404]&gt;.status_code">tests/test_tax_hold_hotfix.py:341: in test_admin_kyc_queue
    assert response.status_code == 200, f"KYC queue failed: {response.text}"
E   AssertionError: KYC queue failed: {"detail":"Not Found"}
E   assert 404 == 200
E    +  where 404 = &lt;Response [404]&gt;.status_code</failure></testcase><testcase classname="tests.test_tax_hold_hotfix.TestAdminPagesLoad" name="test_admin_accounts_page" time="0.897" /><testcase classname="tests.test_tax_hold_hotfix.TestAdminPagesLoad" name="test_admin_transfers_queue" time="0.891" /><testcase classname="tests.test_tax_hold_hotfix.TestAdminPagesLoad" name="test_admin_support_tickets" time="0.797" /><testcase classname="tests.test_tax_hold_hotfix.TestAdminPagesLoad" name="test_admin_notification_counts" time="0.560" /><testcase classname="tests.test_tax_hold_hotfix.TestCleanup" name="test_cleanup_tax_hold" time="0.614" /></testsuite></testsuites>