<?xml version="1.0" encoding="utf-8"?><testsuites name="pytest tests"><testsuite name="pytest" errors="0" failures="0" skipped="0" tests="7" time="11.251" timestamp="2026-03-04T10:02:03.304434+00:00" hostname="agent-env-c584bfb1-340b-4b9b-8997-8b284cb22f6a"><testcase classname="backend.tests.test_tax_hold_payment_details.TestAuthRegression" name="test_user_login_success" time="3.722" /><testcase classname="backend.tests.test_tax_hold_payment_details.TestAuthRegression" name="test_admin_login_success" time="1.219" /><testcase classname="backend.tests.test_tax_hold_payment_details.TestAdminTaxHold" name="test_get_tax_hold_returns_payment_details_at_top_level" time="1.094" /><testcase classname="backend.tests.test_tax_hold_payment_details.TestAdminTaxHold" name="test_get_tax_hold_no_blocked_user" time="1.650" /><testcase classname="backend.tests.test_tax_hold_payment_details.TestUserTaxStatus" name="test_user_tax_status_returns_payment_details_at_top_level" time="1.057" /><testcase classname="backend.tests.test_tax_hold_payment_details.TestAdminUserManagementRegression" name="test_admin_can_list_users" time="1.189" /><testcase classname="backend.tests.test_tax_hold_payment_details.TestAdminUserManagementRegression" name="test_admin_can_get_user_details" time="1.257" /></testsuite></testsuites>