<?xml version="1.0" encoding="utf-8"?><testsuites name="pytest tests"><testsuite name="pytest" errors="0" failures="0" skipped="0" tests="19" time="10.474" timestamp="2026-02-18T09:07:34.039056+00:00" hostname="agent-env-df2cf8a1-9b8d-4a20-bd4d-4d3f98abb4d2"><testcase classname="tests.test_ticket_system_upgrade.TestAdminTicketSystemUpgrade" name="test_admin_search_users_endpoint_exists" time="1.086" /><testcase classname="tests.test_ticket_system_upgrade.TestAdminTicketSystemUpgrade" name="test_admin_search_users_partial_match" time="0.327" /><testcase classname="tests.test_ticket_system_upgrade.TestAdminTicketSystemUpgrade" name="test_admin_search_users_case_insensitive" time="0.691" /><testcase classname="tests.test_ticket_system_upgrade.TestAdminTicketSystemUpgrade" name="test_admin_search_users_min_query_length" time="0.208" /><testcase classname="tests.test_ticket_system_upgrade.TestAdminTicketSystemUpgrade" name="test_admin_search_users_returns_expected_fields" time="0.332" /><testcase classname="tests.test_ticket_system_upgrade.TestAdminTicketSystemUpgrade" name="test_admin_get_tickets_with_search" time="0.797" /><testcase classname="tests.test_ticket_system_upgrade.TestAdminTicketSystemUpgrade" name="test_admin_get_tickets_search_with_status_filter" time="0.577" /><testcase classname="tests.test_ticket_system_upgrade.TestAdminTicketSystemUpgrade" name="test_admin_get_tickets_returns_user_info" time="0.459" /><testcase classname="tests.test_ticket_system_upgrade.TestAdminTicketSystemUpgrade" name="test_admin_get_tickets_returns_unread_count" time="0.446" /><testcase classname="tests.test_ticket_system_upgrade.TestAdminTicketSystemUpgrade" name="test_admin_create_ticket_for_user_endpoint_exists" time="1.010" /><testcase classname="tests.test_ticket_system_upgrade.TestAdminTicketSystemUpgrade" name="test_admin_created_ticket_has_admin_flag" time="0.462" /><testcase classname="tests.test_ticket_system_upgrade.TestAdminTicketSystemUpgrade" name="test_admin_create_ticket_creates_notification" time="0.545" /><testcase classname="tests.test_ticket_system_upgrade.TestAdminTicketSystemUpgrade" name="test_admin_mark_ticket_read_endpoint" time="0.323" /><testcase classname="tests.test_ticket_system_upgrade.TestAdminTicketSystemUpgrade" name="test_unread_count_resets_after_mark_read" time="0.438" /><testcase classname="tests.test_ticket_system_upgrade.TestAdminTicketSystemUpgrade" name="test_cleanup_test_ticket" time="0.545" /><testcase classname="tests.test_ticket_system_upgrade.TestAdminTicketFiltering" name="test_status_filter_all" time="1.068" /><testcase classname="tests.test_ticket_system_upgrade.TestAdminTicketFiltering" name="test_status_filter_open" time="0.452" /><testcase classname="tests.test_ticket_system_upgrade.TestAdminTicketFiltering" name="test_status_filter_resolved" time="0.320" /><testcase classname="tests.test_ticket_system_upgrade.TestAdminTicketFiltering" name="test_status_filter_in_progress" time="0.322" /></testsuite></testsuites>