<?xml version="1.0" encoding="utf-8"?><testsuites name="pytest tests"><testsuite name="pytest" errors="0" failures="0" skipped="0" tests="14" time="62.122" timestamp="2026-02-23T13:49:41.144207+00:00" hostname="agent-env-c78a0c34-51c9-4ef6-aea6-d51ae7e73b65"><testcase classname="tests.test_timestamp_fix.TestTimestampFix" name="test_audit_logs_endpoint_returns_200" time="3.093" /><testcase classname="tests.test_timestamp_fix.TestTimestampFix" name="test_audit_logs_timestamps_have_utc_suffix" time="1.158" /><testcase classname="tests.test_timestamp_fix.TestTimestampFix" name="test_audit_logs_filter_by_entity_type" time="1.048" /><testcase classname="tests.test_timestamp_fix.TestTimestampFix" name="test_audit_logs_sorted_by_time" time="1.002" /><testcase classname="tests.test_timestamp_fix.TestTimestampFix" name="test_users_list_endpoint_returns_200" time="1.221" /><testcase classname="tests.test_timestamp_fix.TestTimestampFix" name="test_users_list_created_at_has_utc_suffix" time="1.244" /><testcase classname="tests.test_timestamp_fix.TestTimestampFix" name="test_user_details_endpoint_returns_200" time="2.211" /><testcase classname="tests.test_timestamp_fix.TestTimestampFix" name="test_user_details_timestamps_have_utc_suffix" time="42.277" /><testcase classname="tests.test_timestamp_fix.TestTimestampFix" name="test_auth_history_endpoint_returns_200" time="2.110" /><testcase classname="tests.test_timestamp_fix.TestTimestampFix" name="test_auth_history_timestamps_have_utc_suffix" time="2.018" /><testcase classname="tests.test_timestamp_fix.TestTimestampFix" name="test_admin_overview_endpoint" time="0.645" /><testcase classname="tests.test_timestamp_fix.TestTimestampFix" name="test_transfers_endpoint" time="1.426" /><testcase classname="tests.test_timestamp_fix.TestTimestampFix" name="test_cards_endpoint" time="1.254" /><testcase classname="tests.test_timestamp_fix.TestTimestampFix" name="test_support_tickets_endpoint" time="1.350" /></testsuite></testsuites>