<?xml version="1.0" encoding="utf-8"?><testsuites name="pytest tests"><testsuite name="pytest" errors="0" failures="1" skipped="2" tests="22" time="9.697" timestamp="2026-02-20T14:41:10.893602+00:00" hostname="agent-env-071d8886-7726-4435-8a57-eacd6d015b2d"><testcase classname="tests.test_transfer_rejection_email.TestTransferRejectionEmail" name="test_01_user_login_success" time="1.715" /><testcase classname="tests.test_transfer_rejection_email.TestTransferRejectionEmail" name="test_02_admin_login_success" time="0.731" /><testcase classname="tests.test_transfer_rejection_email.TestTransferRejectionEmail" name="test_03_create_transfer_no_rejection_email" time="2.029" /><testcase classname="tests.test_transfer_rejection_email.TestTransferRejectionEmail" name="test_04_admin_reject_transfer_triggers_email" time="0.000"><skipped type="pytest.skip" message="No transfer created in previous test">/app/backend/tests/test_transfer_rejection_email.py:136: No transfer created in previous test</skipped></testcase><testcase classname="tests.test_transfer_rejection_email.TestTransferRejectionEmail" name="test_05_idempotency_re_reject_returns_error" time="0.000"><skipped type="pytest.skip" message="No transfer created in previous test">/app/backend/tests/test_transfer_rejection_email.py:183: No transfer created in previous test</skipped></testcase><testcase classname="tests.test_transfer_rejection_email.TestTransferRejectionEmail" name="test_06_approval_does_not_trigger_rejection_email" time="1.708"><failure message="AssertionError: Approval failed: {&quot;detail&quot;:&quot;Transfer not found&quot;}&#10;assert 404 == 200&#10; +  where 404 = &lt;Response [404]&gt;.status_code">tests/test_transfer_rejection_email.py:230: in test_06_approval_does_not_trigger_rejection_email
    assert response.status_code == 200, f"Approval failed: {response.text}"
E   AssertionError: Approval failed: {"detail":"Transfer not found"}
E   assert 404 == 200
E    +  where 404 = &lt;Response [404]&gt;.status_code</failure></testcase><testcase classname="tests.test_transfer_rejection_email.TestTransferRejectionEmail" name="test_07_admin_transfers_queue_shows_rejected_correctly" time="0.902" /><testcase classname="tests.test_transfer_rejection_email.TestTransferRejectionEmail" name="test_08_email_translations_english" time="0.063" /><testcase classname="tests.test_transfer_rejection_email.TestTransferRejectionEmail" name="test_09_email_translations_italian" time="0.000" /><testcase classname="tests.test_transfer_rejection_email.TestTransferRejectionEmail" name="test_10_email_content_no_rejection_reason" time="0.002" /><testcase classname="tests.test_transfer_rejection_email.TestTransferRejectionEmail" name="test_11_email_includes_masked_iban" time="0.001" /><testcase classname="tests.test_transfer_rejection_email.TestTransferRejectionEmail" name="test_12_email_includes_required_fields" time="0.001" /><testcase classname="tests.test_transfer_rejection_email.TestTransferRejectionEmail" name="test_13_email_cta_links_to_support" time="0.001" /><testcase classname="tests.test_transfer_rejection_email.TestTransferRejectionEmail" name="test_14_transfer_schema_has_rejection_email_fields" time="0.007" /><testcase classname="tests.test_transfer_rejection_email.TestTransferRejectionEmail" name="test_15_reject_transfer_sets_idempotency_flag" time="0.192" /><testcase classname="tests.test_transfer_rejection_email.TestTransferRejectionEmail" name="test_16_email_failure_does_not_block_rejection" time="0.002" /><testcase classname="tests.test_transfer_rejection_email.TestTransferRejectionEmail" name="test_17_get_admin_transfers_submitted_status" time="0.709" /><testcase classname="tests.test_transfer_rejection_email.TestTransferRejectionEmail" name="test_18_get_admin_transfers_completed_status" time="0.686" /><testcase classname="tests.test_transfer_rejection_email.TestTransferRejectionEmail" name="test_19_rejection_email_sent_flag_in_rejected_transfer" time="0.842" /><testcase classname="tests.test_transfer_rejection_email.TestEmailServiceDirectly" name="test_mask_iban_function_logic" time="0.000" /><testcase classname="tests.test_transfer_rejection_email.TestEmailServiceDirectly" name="test_amount_formatting" time="0.000" /><testcase classname="tests.test_transfer_rejection_email.TestEmailServiceDirectly" name="test_email_service_method_exists" time="0.000" /></testsuite></testsuites>