<?xml version="1.0" encoding="utf-8"?><testsuites name="pytest tests"><testsuite name="pytest" errors="0" failures="0" skipped="0" tests="13" time="12.920" timestamp="2026-02-20T13:41:39.264006+00:00" hostname="agent-env-917cb0b2-7f01-49fd-b1fe-dbbbb146b700"><testcase classname="backend.tests.test_transfers_search_and_card_requests.TestAdminLogin" name="test_admin_login_success" time="0.630" /><testcase classname="backend.tests.test_transfers_search_and_card_requests.TestTransfersSearch" name="test_transfers_search_endpoint_exists" time="1.370" /><testcase classname="backend.tests.test_transfers_search_and_card_requests.TestTransfersSearch" name="test_search_returns_pagination_info" time="0.776" /><testcase classname="backend.tests.test_transfers_search_and_card_requests.TestTransfersSearch" name="test_search_by_beneficiary_name" time="0.768" /><testcase classname="backend.tests.test_transfers_search_and_card_requests.TestTransfersSearch" name="test_search_by_sender_name" time="0.765" /><testcase classname="backend.tests.test_transfers_search_and_card_requests.TestTransfersSearch" name="test_search_by_ashley" time="0.789" /><testcase classname="backend.tests.test_transfers_search_and_card_requests.TestTransfersSearch" name="test_search_crosses_all_statuses" time="3.217" /><testcase classname="backend.tests.test_transfers_search_and_card_requests.TestTransfersSearch" name="test_empty_search_returns_status_filtered" time="0.763" /><testcase classname="backend.tests.test_transfers_search_and_card_requests.TestCardRequestsN1Fix" name="test_card_requests_endpoint_returns_user_info" time="0.454" /><testcase classname="backend.tests.test_transfers_search_and_card_requests.TestCardRequestsN1Fix" name="test_card_requests_all_tabs_have_user_info" time="1.124" /><testcase classname="backend.tests.test_transfers_search_and_card_requests.TestCardRequestsN1Fix" name="test_card_requests_loads_fast" time="0.447" /><testcase classname="backend.tests.test_transfers_search_and_card_requests.TestCustomerLogin" name="test_customer_login_success" time="0.588" /><testcase classname="backend.tests.test_transfers_search_and_card_requests.TestCustomerLogin" name="test_customer_can_access_dashboard" time="1.170" /></testsuite></testsuites>